Using pre-set license
Built from '2020.3/staging' branch; Version is '2020.3.28f1 (f5400f52e03f) revision 16072719'; Using compiler version '192528614'; Build Type 'Release'
OS: 'Windows 10  (10.0.19044) 64bit Professional' Language: 'ru' Physical Memory: 16286 MB
BatchMode: 1, IsHumanControllingUs: 0, StartBugReporterOnCrash: 0, Is64bit: 1, IsPro: 0

COMMAND LINE ARGUMENTS:
D:\Unity\2020.3.28f1\Editor\Unity.exe
-adb2
-batchMode
-noUpm
-name
AssetImportWorker0
-projectPath
D:/Unity/Projects/1.5
-logFile
Logs/AssetImportWorker0.log
-srvPort
58886
Successfully changed project path to: D:/Unity/Projects/1.5
D:/Unity/Projects/1.5
Using Asset Import Pipeline V2.
Refreshing native plugins compatible for Editor in 50.27 ms, found 2 plugins.
Preloading 0 native plugins for Editor in 0.00 ms.
Initialize engine version: 2020.3.28f1 (f5400f52e03f)
[Subsystems] Discovering subsystems at path D:/Unity/2020.3.28f1/Editor/Data/Resources/UnitySubsystems
[Subsystems] Discovering subsystems at path D:/Unity/Projects/1.5/Assets
GfxDevice: creating device client; threaded=0
Direct3D:
    Version:  Direct3D 11.0 [level 11.1]
    Renderer: AMD Radeon HD 7700 Series (ID=0x683d)
    Vendor:   
    VRAM:     1003 MB
    Driver:   27.20.20903.8001
Initialize mono
Mono path[0] = 'D:/Unity/2020.3.28f1/Editor/Data/Managed'
Mono path[1] = 'D:/Unity/2020.3.28f1/Editor/Data/MonoBleedingEdge/lib/mono/unityjit'
Mono config path = 'D:/Unity/2020.3.28f1/Editor/Data/MonoBleedingEdge/etc'
Using monoOptions --debugger-agent=transport=dt_socket,embedding=1,server=y,suspend=n,address=127.0.0.1:56764
Begin MonoManager ReloadAssembly
Registering precompiled unity dll's ...
Register platform support module: D:/Unity/2020.3.28f1/Editor/Data/PlaybackEngines/WebGLSupport/UnityEditor.WebGL.Extensions.dll
Register platform support module: D:/Unity/2020.3.28f1/Editor/Data/PlaybackEngines/WindowsStandaloneSupport/UnityEditor.WindowsStandalone.Extensions.dll
Registered in 0.004933 seconds.
Native extension for WindowsStandalone target not found
Native extension for WebGL target not found
Refreshing native plugins compatible for Editor in 50.29 ms, found 2 plugins.
Preloading 0 native plugins for Editor in 0.00 ms.
Mono: successfully reloaded assembly
- Completed reload, in  0.796 seconds
Domain Reload Profiling:
	ReloadAssembly (797ms)
		BeginReloadAssembly (79ms)
			ExecutionOrderSort (0ms)
			DisableScriptedObjects (0ms)
			BackupInstance (0ms)
			ReleaseScriptingObjects (0ms)
			CreateAndSetChildDomain (1ms)
		EndReloadAssembly (620ms)
			LoadAssemblies (76ms)
			RebuildTransferFunctionScriptingTraits (0ms)
			SetupTypeCache (188ms)
			ReleaseScriptCaches (0ms)
			RebuildScriptCaches (40ms)
			SetupLoadedEditorAssemblies (235ms)
				LogAssemblyErrors (0ms)
				InitializePlatformSupportModulesInManaged (7ms)
				SetLoadedEditorAssemblies (0ms)
				RefreshPlugins (50ms)
				BeforeProcessingInitializeOnLoad (29ms)
				ProcessInitializeOnLoadAttributes (110ms)
				ProcessInitializeOnLoadMethodAttributes (38ms)
				AfterProcessingInitializeOnLoad (0ms)
				EditorAssembliesLoaded (0ms)
			ExecutionOrderSort2 (0ms)
			AwakeInstancesAfterBackupRestoration (0ms)
Platform modules already initialized, skipping
Registering precompiled user dll's ...
Registered in 0.007026 seconds.
Begin MonoManager ReloadAssembly
Native extension for WindowsStandalone target not found
Native extension for WebGL target not found
Refreshing native plugins compatible for Editor in 0.70 ms, found 2 plugins.
Preloading 0 native plugins for Editor in 0.00 ms.
Mono: successfully reloaded assembly
- Completed reload, in  1.404 seconds
Domain Reload Profiling:
	ReloadAssembly (1406ms)
		BeginReloadAssembly (192ms)
			ExecutionOrderSort (0ms)
			DisableScriptedObjects (7ms)
			BackupInstance (0ms)
			ReleaseScriptingObjects (0ms)
			CreateAndSetChildDomain (21ms)
		EndReloadAssembly (1124ms)
			LoadAssemblies (123ms)
			RebuildTransferFunctionScriptingTraits (0ms)
			SetupTypeCache (380ms)
			ReleaseScriptCaches (1ms)
			RebuildScriptCaches (53ms)
			SetupLoadedEditorAssemblies (440ms)
				LogAssemblyErrors (0ms)
				InitializePlatformSupportModulesInManaged (8ms)
				SetLoadedEditorAssemblies (1ms)
				RefreshPlugins (1ms)
				BeforeProcessingInitializeOnLoad (123ms)
				ProcessInitializeOnLoadAttributes (283ms)
				ProcessInitializeOnLoadMethodAttributes (12ms)
				AfterProcessingInitializeOnLoad (12ms)
				EditorAssembliesLoaded (0ms)
			ExecutionOrderSort2 (0ms)
			AwakeInstancesAfterBackupRestoration (10ms)
Platform modules already initialized, skipping
========================================================================
Worker process is ready to serve import requests
Launched and connected shader compiler UnityShaderCompiler.exe after 0.06 seconds
Refreshing native plugins compatible for Editor in 0.64 ms, found 2 plugins.
Preloading 0 native plugins for Editor in 0.00 ms.
Unloading 1912 Unused Serialized files (Serialized files now loaded: 0)
System memory in use before: 86.9 MB.
System memory in use after: 87.0 MB.

Unloading 19 unused Assets to reduce memory usage. Loaded Objects now: 2346.
Total: 3.487400 ms (FindLiveObjects: 0.186900 ms CreateObjectMapping: 0.046400 ms MarkObjects: 3.102200 ms  DeleteObjects: 0.150700 ms)

AssetImportParameters requested are different than current active one (requested -> active):
  custom:framework-win-MediaFoundation: 216162199b28c13a410421893ffa2e32 -> 
  custom:video-decoder-ogg-theora: a1e56fd34408186e4bbccfd4996cb3dc -> 
  custom:container-muxer-webm: aa71ff27fc2769a1b78a27578f13a17b -> 
  custom:container-demuxer-webm: 4f35f7cbe854078d1ac9338744f61a02 -> 
  custom:container-demuxer-ogg: 62fdf1f143b41e24485cea50d1cbac27 -> 
  custom:video-encoder-webm-vp8: eb34c28f22e8b96e1ab97ce403110664 -> 
  custom:video-decoder-webm-vp8: 9c59270c3fd7afecdb556c50c9e8de78 -> 
  custom:audio-decoder-ogg-vorbis: bf7c407c2cedff20999df2af8eb42d56 -> 
  custom:audio-encoder-webm-vorbis: bf7c407c2cedff20999df2af8eb42d56 -> 
========================================================================
Received Import Request.
  path: Assets/Materials/SwordMaterial.mat
  artifactKey: Guid(04b77d523f192304f9693604c9d34857) Importer(815301076,1909f56bfc062723c751e8b465ee728b)
Start importing Assets/Materials/SwordMaterial.mat using Guid(04b77d523f192304f9693604c9d34857) Importer(815301076,1909f56bfc062723c751e8b465ee728b)  -> (artifact id: '749a5e158ce9c291cd4baafdfb5c2fea') in 0.216086 seconds 
  Import took 0.247815 seconds .

========================================================================
Received Import Request.
  Time since last request: 79.649672 seconds.
  path: Assets/Materials/SwordMaterial.mat
  artifactKey: Guid(04b77d523f192304f9693604c9d34857) Importer(815301076,1909f56bfc062723c751e8b465ee728b)
Start importing Assets/Materials/SwordMaterial.mat using Guid(04b77d523f192304f9693604c9d34857) Importer(815301076,1909f56bfc062723c751e8b465ee728b)  -> (artifact id: '4fa32e3eb880a3fa2853a5b8c99ff2d1') in 0.045710 seconds 
  Import took 0.066090 seconds .

========================================================================
Received Import Request.
  Time since last request: 297.169336 seconds.
  path: Assets/Materials/Guard Material.mat
  artifactKey: Guid(dfa03ea4ac23cd441bee0d00b21b01df) Importer(815301076,1909f56bfc062723c751e8b465ee728b)
Start importing Assets/Materials/Guard Material.mat using Guid(dfa03ea4ac23cd441bee0d00b21b01df) Importer(815301076,1909f56bfc062723c751e8b465ee728b)  -> (artifact id: 'dacb2657fbd578880b6d50e394b02367') in 0.012468 seconds 
  Import took 0.027017 seconds .

========================================================================
Received Import Request.
  Time since last request: 231.895627 seconds.
  path: Assets/Materials/Guard Material.mat
  artifactKey: Guid(dfa03ea4ac23cd441bee0d00b21b01df) Importer(815301076,1909f56bfc062723c751e8b465ee728b)
Start importing Assets/Materials/Guard Material.mat using Guid(dfa03ea4ac23cd441bee0d00b21b01df) Importer(815301076,1909f56bfc062723c751e8b465ee728b)  -> (artifact id: 'f8a3d63c3b7595653f761fe8ec665e63') in 0.018334 seconds 
  Import took 0.036792 seconds .

========================================================================
Received Import Request.
  Time since last request: 370.681634 seconds.
  path: Assets/Materials/MagicSphereMaterial.mat
  artifactKey: Guid(dd35452dd800f3b449b1f6669b5525e0) Importer(815301076,1909f56bfc062723c751e8b465ee728b)
Start importing Assets/Materials/MagicSphereMaterial.mat using Guid(dd35452dd800f3b449b1f6669b5525e0) Importer(815301076,1909f56bfc062723c751e8b465ee728b)  -> (artifact id: 'fd2bfae096dbc0c9a78179c0a187d270') in 0.011294 seconds 
  Import took 0.021206 seconds .

========================================================================
Received Import Request.
  Time since last request: 58.834010 seconds.
  path: Assets/Materials/MagicSphereMaterial.mat
  artifactKey: Guid(dd35452dd800f3b449b1f6669b5525e0) Importer(815301076,1909f56bfc062723c751e8b465ee728b)
Start importing Assets/Materials/MagicSphereMaterial.mat using Guid(dd35452dd800f3b449b1f6669b5525e0) Importer(815301076,1909f56bfc062723c751e8b465ee728b)  -> (artifact id: 'bb4d5dbf7a57988b5a0b292f6fbf4d9f') in 0.028018 seconds 
  Import took 0.044737 seconds .

AssetImportWorkerClient::OnTransportError - code=2 error=End of file
